<?xml version="1.0" encoding="UTF-8"?>
<!-- Generated by org.testng.reporters.JUnitXMLReporter -->
<testsuite ignored="17" hostname="LAPTOP-UOSNP22B" failures="0" tests="1" name="Test" time="20.325" errors="0" timestamp="2024-06-18T07:45:41 IST">
  <testcase classname="TestCase.PracticeTestCases" name="testCase18" time="2.097"/>
  <testcase classname="TestCase.PracticeTestCases" name="testCase17" time="0.0">
    <ignored/>
  </testcase> <!-- testCase17 -->
  <testcase classname="TestCase.PracticeTestCases" name="testCase06" time="0.0">
    <ignored/>
  </testcase> <!-- testCase06 -->
  <testcase classname="TestCase.PracticeTestCases" name="testCase07" time="0.0">
    <ignored/>
  </testcase> <!-- testCase07 -->
  <testcase classname="TestCase.PracticeTestCases" name="testCase08" time="0.0">
    <ignored/>
  </testcase> <!-- testCase08 -->
  <testcase classname="TestCase.PracticeTestCases" name="testCase09" time="0.0">
    <ignored/>
  </testcase> <!-- testCase09 -->
  <testcase classname="TestCase.PracticeTestCases" name="testCase13" time="0.0">
    <ignored/>
  </testcase> <!-- testCase13 -->
  <testcase classname="TestCase.PracticeTestCases" name="testCase02" time="0.0">
    <ignored/>
  </testcase> <!-- testCase02 -->
  <testcase classname="TestCase.PracticeTestCases" name="testCase14" time="0.0">
    <ignored/>
  </testcase> <!-- testCase14 -->
  <testcase classname="TestCase.PracticeTestCases" name="testCase03" time="0.0">
    <ignored/>
  </testcase> <!-- testCase03 -->
  <testcase classname="TestCase.PracticeTestCases" name="testCase15" time="0.0">
    <ignored/>
  </testcase> <!-- testCase15 -->
  <testcase classname="TestCase.PracticeTestCases" name="testCase04" time="0.0">
    <ignored/>
  </testcase> <!-- testCase04 -->
  <testcase classname="TestCase.PracticeTestCases" name="testCase16" time="0.0">
    <ignored/>
  </testcase> <!-- testCase16 -->
  <testcase classname="TestCase.PracticeTestCases" name="testCase05" time="0.0">
    <ignored/>
  </testcase> <!-- testCase05 -->
  <testcase classname="TestCase.PracticeTestCases" name="testCase10" time="0.0">
    <ignored/>
  </testcase> <!-- testCase10 -->
  <testcase classname="TestCase.PracticeTestCases" name="testCase11" time="0.0">
    <ignored/>
  </testcase> <!-- testCase11 -->
  <testcase classname="TestCase.PracticeTestCases" name="testCase12" time="0.0">
    <ignored/>
  </testcase> <!-- testCase12 -->
  <testcase classname="TestCase.PracticeTestCases" name="testCase01" time="0.0">
    <ignored/>
  </testcase> <!-- testCase01 -->
</testsuite> <!-- Test -->
