<?xml version="1.0" encoding="UTF-8"?>
<testng-results ignored="0" total="1" passed="1" failed="0" skipped="0">
  <reporter-output>
  </reporter-output>
  <suite started-at="2024-06-19T18:42:04 IST" name="Suite" finished-at="2024-06-19T18:42:15 IST" duration-ms="10162">
    <groups>
    </groups>
    <test started-at="2024-06-19T18:42:04 IST" name="Test" finished-at="2024-06-19T18:42:15 IST" duration-ms="10162">
      <class name="TestCase.PracticeTestCases">
        <test-method is-config="true" signature="initalization()[pri:0, instance:TestCase.PracticeTestCases@4218d6a3]" started-at="2024-06-19T18:42:05 IST" name="initalization" finished-at="2024-06-19T18:42:10 IST" duration-ms="5021" status="PASS">
          <reporter-output>
          </reporter-output>
        </test-method> <!-- initalization -->
        <test-method signature="testCase01()[pri:0, instance:TestCase.PracticeTestCases@4218d6a3]" started-at="2024-06-19T18:42:10 IST" name="testCase01" finished-at="2024-06-19T18:42:14 IST" duration-ms="4888" status="PASS">
          <reporter-output>
          </reporter-output>
        </test-method> <!-- testCase01 -->
        <test-method is-config="true" signature="closeBrowzer()[pri:0, instance:TestCase.PracticeTestCases@4218d6a3]" started-at="2024-06-19T18:42:14 IST" name="closeBrowzer" finished-at="2024-06-19T18:42:15 IST" duration-ms="202" status="PASS">
          <reporter-output>
          </reporter-output>
        </test-method> <!-- closeBrowzer -->
      </class> <!-- TestCase.PracticeTestCases -->
    </test> <!-- Test -->
  </suite> <!-- Suite -->
</testng-results>
